# JRE version: OpenJDK Runtime Environment (17.0.2+8) (build 17.0.2+8-86)
# Java VM: OpenJDK 64-Bit Server VM (17.0.2+8-86, mixed mode, emulated-client, sharing, tiered, compressed oops, compressed class ptrs, g1 gc, bsd-aarch64)
GC Precious Log:
 CPUs: 10 total, 10 available
 Memory: 32768M
 Large Page Support: Disabled
 NUMA Support: Disabled
 Compressed Oops: Enabled (Zero based)
 Heap Region Size: 4M
 Heap Min Capacity: 8M
 Heap Initial Capacity: 512M
 Heap Max Capacity: 8G
 Pre-touch: Disabled
 Parallel Workers: 9
 Concurrent Workers: 2
 Concurrent Refinement Workers: 9
 Periodic GC: Disabled
Heap:
 garbage-first heap   total 1007616K, used 756249K [0x0000000600000000, 0x0000000800000000)
  region size 4096K, 54 young (221184K), 5 survivors (20480K)
 Metaspace       used 183640K, committed 185088K, reserved 1212416K
  class space    used 26333K, committed 27072K, reserved 1048576K
GC Heap History (20 events):
Event: 33.172 GC heap before
{Heap before GC invocations=52 (full 0):
 garbage-first heap   total 835584K, used 664085K [0x0000000600000000, 0x0000000800000000)
  region size 4096K, 62 young (253952K), 10 survivors (40960K)
 Metaspace       used 165378K, committed 166528K, reserved 1196032K
  class space    used 23494K, committed 24064K, reserved 1048576K
}
Event: 33.190 GC heap after
{Heap after GC invocations=53 (full 0):
 garbage-first heap   total 835584K, used 492275K [0x0000000600000000, 0x0000000800000000)
  region size 4096K, 8 young (32768K), 8 survivors (32768K)
 Metaspace       used 165378K, committed 166528K, reserved 1196032K
  class space    used 23494K, committed 24064K, reserved 1048576K
}
Event: 33.413 GC heap before
{Heap before GC invocations=53 (full 0):
 garbage-first heap   total 835584K, used 668403K [0x0000000600000000, 0x0000000800000000)
  region size 4096K, 51 young (208896K), 8 survivors (32768K)
 Metaspace       used 165378K, committed 166528K, reserved 1196032K
  class space    used 23494K, committed 24064K, reserved 1048576K
}
Event: 33.425 GC heap after
{Heap after GC invocations=54 (full 0):
 garbage-first heap   total 835584K, used 527827K [0x0000000600000000, 0x0000000800000000)
  region size 4096K, 7 young (28672K), 7 survivors (28672K)
 Metaspace       used 165378K, committed 166528K, reserved 1196032K
  class space    used 23494K, committed 24064K, reserved 1048576K
}
Event: 33.921 GC heap before
{Heap before GC invocations=54 (full 0):
 garbage-first heap   total 835584K, used 679379K [0x0000000600000000, 0x0000000800000000)
  region size 4096K, 44 young (180224K), 7 survivors (28672K)
 Metaspace       used 169160K, committed 170304K, reserved 1196032K
  class space    used 24067K, committed 24640K, reserved 1048576K
}
Event: 33.930 GC heap after
{Heap after GC invocations=55 (full 0):
 garbage-first heap   total 1007616K, used 542906K [0x0000000600000000, 0x0000000800000000)
  region size 4096K, 4 young (16384K), 4 survivors (16384K)
 Metaspace       used 169160K, committed 170304K, reserved 1196032K
  class space    used 24067K, committed 24640K, reserved 1048576K
}
Event: 35.553 GC heap before
{Heap before GC invocations=55 (full 0):
 garbage-first heap   total 1007616K, used 796858K [0x0000000600000000, 0x0000000800000000)
  region size 4096K, 66 young (270336K), 4 survivors (16384K)
 Metaspace       used 175476K, committed 176704K, reserved 1204224K
  class space    used 25043K, committed 25664K, reserved 1048576K
}
Event: 35.560 GC heap after
{Heap after GC invocations=56 (full 0):
 garbage-first heap   total 1007616K, used 551433K [0x0000000600000000, 0x0000000800000000)
  region size 4096K, 6 young (24576K), 6 survivors (24576K)
 Metaspace       used 175476K, committed 176704K, reserved 1204224K
  class space    used 25043K, committed 25664K, reserved 1048576K
}
Event: 36.201 GC heap before
{Heap before GC invocations=56 (full 0):
 garbage-first heap   total 1007616K, used 813577K [0x0000000600000000, 0x0000000800000000)
  region size 4096K, 70 young (286720K), 6 survivors (24576K)
 Metaspace       used 175579K, committed 176832K, reserved 1204224K
  class space    used 25064K, committed 25664K, reserved 1048576K
}
Event: 36.207 GC heap after
{Heap after GC invocations=57 (full 0):
 garbage-first heap   total 1007616K, used 551264K [0x0000000600000000, 0x0000000800000000)
  region size 4096K, 3 young (12288K), 3 survivors (12288K)
 Metaspace       used 175579K, committed 176832K, reserved 1204224K
  class space    used 25064K, committed 25664K, reserved 1048576K
}
Event: 37.005 GC heap before
{Heap before GC invocations=57 (full 0):
 garbage-first heap   total 1007616K, used 825696K [0x0000000600000000, 0x0000000800000000)
  region size 4096K, 70 young (286720K), 3 survivors (12288K)
 Metaspace       used 175907K, committed 177152K, reserved 1204224K
  class space    used 25120K, committed 25728K, reserved 1048576K
}
Event: 37.009 GC heap after
{Heap after GC invocations=58 (full 0):
 garbage-first heap   total 1007616K, used 557092K [0x0000000600000000, 0x0000000800000000)
  region size 4096K, 4 young (16384K), 4 survivors (16384K)
 Metaspace       used 175907K, committed 177152K, reserved 1204224K
  class space    used 25120K, committed 25728K, reserved 1048576K
}
Event: 38.177 GC heap before
{Heap before GC invocations=58 (full 0):
 garbage-first heap   total 1007616K, used 835620K [0x0000000600000000, 0x0000000800000000)
  region size 4096K, 72 young (294912K), 4 survivors (16384K)
 Metaspace       used 176078K, committed 177344K, reserved 1204224K
  class space    used 25158K, committed 25792K, reserved 1048576K
}
Event: 38.181 GC heap after
{Heap after GC invocations=59 (full 0):
 garbage-first heap   total 1007616K, used 557372K [0x0000000600000000, 0x0000000800000000)
  region size 4096K, 4 young (16384K), 4 survivors (16384K)
 Metaspace       used 176078K, committed 177344K, reserved 1204224K
  class space    used 25158K, committed 25792K, reserved 1048576K
}
Event: 38.764 GC heap before
{Heap before GC invocations=59 (full 0):
 garbage-first heap   total 1007616K, used 844092K [0x0000000600000000, 0x0000000800000000)
  region size 4096K, 74 young (303104K), 4 survivors (16384K)
 Metaspace       used 176241K, committed 177536K, reserved 1204224K
  class space    used 25200K, committed 25856K, reserved 1048576K
}
Event: 38.767 GC heap after
{Heap after GC invocations=60 (full 0):
 garbage-first heap   total 1007616K, used 558892K [0x0000000600000000, 0x0000000800000000)
  region size 4096K, 5 young (20480K), 5 survivors (20480K)
 Metaspace       used 176241K, committed 177536K, reserved 1204224K
  class space    used 25200K, committed 25856K, reserved 1048576K
}
Event: 39.354 GC heap before
{Heap before GC invocations=60 (full 0):
 garbage-first heap   total 1007616K, used 849708K [0x0000000600000000, 0x0000000800000000)
  region size 4096K, 76 young (311296K), 5 survivors (20480K)
 Metaspace       used 176298K, committed 177600K, reserved 1204224K
  class space    used 25213K, committed 25856K, reserved 1048576K
}
Event: 39.358 GC heap after
{Heap after GC invocations=61 (full 0):
 garbage-first heap   total 1007616K, used 559938K [0x0000000600000000, 0x0000000800000000)
  region size 4096K, 5 young (20480K), 5 survivors (20480K)
 Metaspace       used 176298K, committed 177600K, reserved 1204224K
  class space    used 25213K, committed 25856K, reserved 1048576K
}
Event: 40.036 GC heap before
{Heap before GC invocations=61 (full 0):
 garbage-first heap   total 1007616K, used 858946K [0x0000000600000000, 0x0000000800000000)
  region size 4096K, 78 young (319488K), 5 survivors (20480K)
 Metaspace       used 176341K, committed 177664K, reserved 1204224K
  class space    used 25222K, committed 25856K, reserved 1048576K
}
Event: 40.039 GC heap after
{Heap after GC invocations=62 (full 0):
 garbage-first heap   total 1007616K, used 559641K [0x0000000600000000, 0x0000000800000000)
  region size 4096K, 5 young (20480K), 5 survivors (20480K)
 Metaspace       used 176341K, committed 177664K, reserved 1204224K
  class space    used 25222K, committed 25856K, reserved 1048576K
}

