# JRE version: OpenJDK Runtime Environment Zulu13.46+15-CA (13.0.10+5) (build 13.0.10+5-MTS)
# Java VM: OpenJDK 64-Bit Server VM Zulu13.46+15-CA (13.0.10+5-MTS, mixed mode, tiered, compressed oops, g1 gc, bsd-aarch64)
Heap:
 garbage-first heap   total 102400K, used 43856K [0x00000007a0000000, 0x00000007c0000000)
  region size 1024K, 23 young (23552K), 5 survivors (5120K)
 Metaspace       used 64289K, capacity 65754K, committed 66048K, reserved 1107968K
  class space    used 7509K, capacity 8090K, committed 8192K, reserved 1048576K
GC Heap History (20 events):
Event: 2.510 GC heap before
{Heap before GC invocations=19 (full 0):
 garbage-first heap   total 57344K, used 46109K [0x00000007a0000000, 0x00000007c0000000)
  region size 1024K, 30 young (30720K), 2 survivors (2048K)
 Metaspace       used 39951K, capacity 40978K, committed 41216K, reserved 1085440K
  class space    used 4837K, capacity 5268K, committed 5376K, reserved 1048576K
}
Event: 2.511 GC heap after
{Heap after GC invocations=20 (full 0):
 garbage-first heap   total 57344K, used 17502K [0x00000007a0000000, 0x00000007c0000000)
  region size 1024K, 2 young (2048K), 2 survivors (2048K)
 Metaspace       used 39951K, capacity 40978K, committed 41216K, reserved 1085440K
  class space    used 4837K, capacity 5268K, committed 5376K, reserved 1048576K
}
Event: 2.543 GC heap before
{Heap before GC invocations=20 (full 0):
 garbage-first heap   total 57344K, used 46174K [0x00000007a0000000, 0x00000007c0000000)
  region size 1024K, 30 young (30720K), 2 survivors (2048K)
 Metaspace       used 40844K, capacity 41914K, committed 42112K, reserved 1085440K
  class space    used 4950K, capacity 5386K, committed 5504K, reserved 1048576K
}
Event: 2.544 GC heap after
{Heap after GC invocations=21 (full 0):
 garbage-first heap   total 290816K, used 17908K [0x00000007a0000000, 0x00000007c0000000)
  region size 1024K, 3 young (3072K), 3 survivors (3072K)
 Metaspace       used 40844K, capacity 41914K, committed 42112K, reserved 1085440K
  class space    used 4950K, capacity 5386K, committed 5504K, reserved 1048576K
}
Event: 2.714 GC heap before
{Heap before GC invocations=21 (full 0):
 garbage-first heap   total 290816K, used 152052K [0x00000007a0000000, 0x00000007c0000000)
  region size 1024K, 134 young (137216K), 3 survivors (3072K)
 Metaspace       used 44936K, capacity 46091K, committed 46208K, reserved 1089536K
  class space    used 5461K, capacity 5904K, committed 6016K, reserved 1048576K
}
Event: 2.716 GC heap after
{Heap after GC invocations=22 (full 0):
 garbage-first heap   total 290816K, used 19659K [0x00000007a0000000, 0x00000007c0000000)
  region size 1024K, 4 young (4096K), 4 survivors (4096K)
 Metaspace       used 44936K, capacity 46091K, committed 46208K, reserved 1089536K
  class space    used 5461K, capacity 5904K, committed 6016K, reserved 1048576K
}
Event: 2.869 GC heap before
{Heap before GC invocations=22 (full 0):
 garbage-first heap   total 290816K, used 165067K [0x00000007a0000000, 0x00000007c0000000)
  region size 1024K, 146 young (149504K), 4 survivors (4096K)
 Metaspace       used 49203K, capacity 50353K, committed 50432K, reserved 1093632K
  class space    used 5871K, capacity 6346K, committed 6400K, reserved 1048576K
}
Event: 2.872 GC heap after
{Heap after GC invocations=23 (full 0):
 garbage-first heap   total 290816K, used 21125K [0x00000007a0000000, 0x00000007c0000000)
  region size 1024K, 6 young (6144K), 6 survivors (6144K)
 Metaspace       used 49203K, capacity 50353K, committed 50432K, reserved 1093632K
  class space    used 5871K, capacity 6346K, committed 6400K, reserved 1048576K
}
Event: 3.056 GC heap before
{Heap before GC invocations=23 (full 0):
 garbage-first heap   total 290816K, used 177797K [0x00000007a0000000, 0x00000007c0000000)
  region size 1024K, 156 young (159744K), 6 survivors (6144K)
 Metaspace       used 53681K, capacity 54929K, committed 55296K, reserved 1097728K
  class space    used 6288K, capacity 6797K, committed 6912K, reserved 1048576K
}
Event: 3.059 GC heap after
{Heap after GC invocations=24 (full 0):
 garbage-first heap   total 290816K, used 22688K [0x00000007a0000000, 0x00000007c0000000)
  region size 1024K, 7 young (7168K), 7 survivors (7168K)
 Metaspace       used 53681K, capacity 54929K, committed 55296K, reserved 1097728K
  class space    used 6288K, capacity 6797K, committed 6912K, reserved 1048576K
}
Event: 3.279 GC heap before
{Heap before GC invocations=24 (full 0):
 garbage-first heap   total 290816K, used 189600K [0x00000007a0000000, 0x00000007c0000000)
  region size 1024K, 170 young (174080K), 7 survivors (7168K)
 Metaspace       used 58608K, capacity 59948K, committed 60160K, reserved 1101824K
  class space    used 6859K, capacity 7381K, committed 7424K, reserved 1048576K
}
Event: 3.283 GC heap after
{Heap after GC invocations=25 (full 0):
 garbage-first heap   total 290816K, used 23809K [0x00000007a0000000, 0x00000007c0000000)
  region size 1024K, 8 young (8192K), 8 survivors (8192K)
 Metaspace       used 58608K, capacity 59948K, committed 60160K, reserved 1101824K
  class space    used 6859K, capacity 7381K, committed 7424K, reserved 1048576K
}
Event: 3.295 GC heap before
{Heap before GC invocations=25 (full 0):
 garbage-first heap   total 290816K, used 29953K [0x00000007a0000000, 0x00000007c0000000)
  region size 1024K, 15 young (15360K), 8 survivors (8192K)
 Metaspace       used 58782K, capacity 60108K, committed 60160K, reserved 1101824K
  class space    used 6879K, capacity 7413K, committed 7424K, reserved 1048576K
}
Event: 3.300 GC heap after
{Heap after GC invocations=26 (full 0):
 garbage-first heap   total 290816K, used 24074K [0x00000007a0000000, 0x00000007c0000000)
  region size 1024K, 9 young (9216K), 9 survivors (9216K)
 Metaspace       used 58782K, capacity 60108K, committed 60160K, reserved 1101824K
  class space    used 6879K, capacity 7413K, committed 7424K, reserved 1048576K
}
Event: 3.402 GC heap before
{Heap before GC invocations=27 (full 0):
 garbage-first heap   total 102400K, used 76298K [0x00000007a0000000, 0x00000007c0000000)
  region size 1024K, 60 young (61440K), 9 survivors (9216K)
 Metaspace       used 60294K, capacity 61612K, committed 61952K, reserved 1103872K
  class space    used 7048K, capacity 7576K, committed 7680K, reserved 1048576K
}
Event: 3.406 GC heap after
{Heap after GC invocations=28 (full 0):
 garbage-first heap   total 102400K, used 25070K [0x00000007a0000000, 0x00000007c0000000)
  region size 1024K, 5 young (5120K), 5 survivors (5120K)
 Metaspace       used 60294K, capacity 61612K, committed 61952K, reserved 1103872K
  class space    used 7048K, capacity 7576K, committed 7680K, reserved 1048576K
}
Event: 3.577 GC heap before
{Heap before GC invocations=28 (full 0):
 garbage-first heap   total 102400K, used 70126K [0x00000007a0000000, 0x00000007c0000000)
  region size 1024K, 49 young (50176K), 5 survivors (5120K)
 Metaspace       used 61762K, capacity 63161K, committed 63360K, reserved 1105920K
  class space    used 7239K, capacity 7807K, committed 7808K, reserved 1048576K
}
Event: 3.579 GC heap after
{Heap after GC invocations=29 (full 0):
 garbage-first heap   total 102400K, used 25952K [0x00000007a0000000, 0x00000007c0000000)
  region size 1024K, 4 young (4096K), 4 survivors (4096K)
 Metaspace       used 61762K, capacity 63161K, committed 63360K, reserved 1105920K
  class space    used 7239K, capacity 7807K, committed 7808K, reserved 1048576K
}
Event: 3.721 GC heap before
{Heap before GC invocations=29 (full 0):
 garbage-first heap   total 102400K, used 72032K [0x00000007a0000000, 0x00000007c0000000)
  region size 1024K, 49 young (50176K), 4 survivors (4096K)
 Metaspace       used 63505K, capacity 64912K, committed 65152K, reserved 1105920K
  class space    used 7438K, capacity 8023K, committed 8064K, reserved 1048576K
}
Event: 3.723 GC heap after
{Heap after GC invocations=30 (full 0):
 garbage-first heap   total 102400K, used 26448K [0x00000007a0000000, 0x00000007c0000000)
  region size 1024K, 5 young (5120K), 5 survivors (5120K)
 Metaspace       used 63505K, capacity 64912K, committed 65152K, reserved 1105920K
  class space    used 7438K, capacity 8023K, committed 8064K, reserved 1048576K
}

